<?xml version="1.0" encoding="UTF-8"?>
<testng-results skipped="0" failed="0" total="1" passed="1">
  <reporter-output>
  </reporter-output>
  <suite name="Default suite" duration-ms="6015" started-at="2018-10-28T09:25:32Z" finished-at="2018-10-28T09:25:38Z">
    <groups>
    </groups>
    <test name="Default test" duration-ms="6015" started-at="2018-10-28T09:25:32Z" finished-at="2018-10-28T09:25:38Z">
      <class name="selenium_api.Topic_01_CheckEnvironment">
        <test-method status="PASS" signature="beforeClass()[pri:0, instance:selenium_api.Topic_01_CheckEnvironment@1c53fd30]" name="beforeClass" is-config="true" duration-ms="4445" started-at="2018-10-28T16:25:32Z" finished-at="2018-10-28T16:25:37Z">
          <reporter-output>
          </reporter-output>
        </test-method> <!-- beforeClass -->
        <test-method status="PASS" signature="Check_title_01()[pri:0, instance:selenium_api.Topic_01_CheckEnvironment@1c53fd30]" name="Check_title_01" duration-ms="32" started-at="2018-10-28T16:25:37Z" finished-at="2018-10-28T16:25:37Z">
          <reporter-output>
          </reporter-output>
        </test-method> <!-- Check_title_01 -->
        <test-method status="PASS" signature="afterClass()[pri:0, instance:selenium_api.Topic_01_CheckEnvironment@1c53fd30]" name="afterClass" is-config="true" duration-ms="1526" started-at="2018-10-28T16:25:37Z" finished-at="2018-10-28T16:25:38Z">
          <reporter-output>
          </reporter-output>
        </test-method> <!-- afterClass -->
      </class> <!-- selenium_api.Topic_01_CheckEnvironment -->
    </test> <!-- Default test -->
  </suite> <!-- Default suite -->
</testng-results>
